==============================================================================
Suites                                                                        
==============================================================================
Suites.Verify Invalidcredential Suite Copy :: This suite handles test cases...
==============================================================================
TC1                                                                   bala
| PASS |
------------------------------------------------------------------------------
TC2                                                                     
  Traceback (most recent call last):
    ~~~~~~~~~~~~~~~~~~~~~~~~~~~~~~~~~~~~~~~~~~~~~~~~~~~~~~~~~~~~~~~~~~~~~~~~~~
    File  D:\Mine\Company\Ericsson3\orange_hrm_framework\sample_suite\verify_invalidcredential_suite copy.robot:15
    T:  TC2    
    ~~~~~~~~~~~~~~~~~~~~~~~~~~~~~~~~~~~~~~~~~~~~~~~~~~~~~~~~~~~~~~~~~~~~~~~~~~
    File  D:\Mine\Company\Ericsson3\orange_hrm_framework\sample_suite\verify_invalidcredential_suite copy.robot:7
      Launch Browser    
    ~~~~~~~~~~~~~~~~~~~~~~~~~~~~~~~~~~~~~~~~~~~~~~~~~~~~~~~~~~~~~~~~~~~~~~~~~~
    File  D:\Mine\Company\Ericsson3\orange_hrm_framework\Resource\Base\CommonFunctionalities.resource:14
      '${BROWSER_NAME}' == 'ff'    
    ~~~~~~~~~~~~~~~~~~~~~~~~~~~~~~~~~~~~~~~~~~~~~~~~~~~~~~~~~~~~~~~~~~~~~~~~~~
    File  D:\Mine\Company\Ericsson3\orange_hrm_framework\Resource\Base\CommonFunctionalities.resource:15
      Open Browser    browser=${BROWSER_NAME}    executable_path=${EXECDIR}${/}driver${/}geckodriver.exe
      |  browser=${BROWSER_NAME} = browser=ff (str)
      |  executable_path=${EXECDIR}${/}driver${/}geckodriver.exe = executable_path=D:\Mine\Company\Ericsson3\orange_hrm_framework\driver\geckodriver.exe (str)
______________________________________________________________________________
| FAIL |
Setup failed:
Execution terminated by signal
------------------------------------------------------------------------------
TC3                                                                   | FAIL |
Test execution stopped due to a fatal error.
------------------------------------------------------------------------------
Suites.Verify Invalidcredential Suite Copy :: This suite handles t... | FAIL |
3 tests, 1 passed, 2 failed
==============================================================================
Suites                                                                | FAIL |
3 tests, 1 passed, 2 failed
==============================================================================
Output:  D:\Mine\Company\Ericsson3\orange_hrm_framework\pabot_results\2\output.xml
