

====== WebDriver manager ======
Current google-chrome version is 104.0.5112
Get LATEST chromedriver version for 104.0.5112 google-chrome
Driver [C:\Users\Balaji\.wdm\drivers\chromedriver\win32\104.0.5112.79\chromedriver.exe] found in cache
[ WARN ] Keyword 'Capture Page Screenshot' could not be run on failure: Message: no such window: target window already closed
from unknown error: web view not found
  (Session info: chrome=104.0.5112.80)
Stacktrace:
Backtrace:
	Ordinal0 [0x003078B3+2193587]
	Ordinal0 [0x002A0681+1771137]
	Ordinal0 [0x001B41A8+803240]
	Ordinal0 [0x0019C910+706832]
	Ordinal0 [0x00200139+1114425]
	Ordinal0 [0x0020D282+1168002]
	Ordinal0 [0x001FD5C6+1103302]
	Ordinal0 [0x001D77E0+948192]
	Ordinal0 [0x001D86E6+952038]
	GetHandleVerifier [0x005B0CB2+2738370]
	GetHandleVerifier [0x005A21B8+2678216]
	GetHandleVerifier [0x003917AA+512954]
	GetHandleVerifier [0x00390856+509030]
	Ordinal0 [0x002A743B+1799227]
	Ordinal0 [0x002ABB68+1817448]
	Ordinal0 [0x002ABC55+1817685]
	Ordinal0 [0x002B5230+1856048]
	BaseThreadInitThunk [0x749B6359+25]
	RtlGetAppContainerNamedObjectPath [0x77208944+228]
	RtlGetAppContainerNamedObjectPath [0x77208914+180]
	(No symbol) [0x00000000]

Second signal will force exit.
[ ERROR ] When closing browser, received exception: Execution terminated by signal
