==============================================================================
Suites                                                                        
==============================================================================
Suites.Verify Validcredential Csv Suite :: Connecting CSV file                
==============================================================================
Verify Valid Credential_TC1                                             
  Traceback (most recent call last):
    ~~~~~~~~~~~~~~~~~~~~~~~~~~~~~~~~~~~~~~~~~~~~~~~~~~~~~~~~~~~~~~~~~~~~~~~~~~
    File  D:\Mine\Company\Ericsson3\orange_hrm_framework\sample_suite\verify_validcredential_csv_suite.robot:13
    T:  Verify Valid Credential_TC1    
    ~~~~~~~~~~~~~~~~~~~~~~~~~~~~~~~~~~~~~~~~~~~~~~~~~~~~~~~~~~~~~~~~~~~~~~~~~~
    File  D:\Mine\Company\Ericsson3\orange_hrm_framework\sample_suite\verify_validcredential_csv_suite.robot:0
      Verify Valid Credential Template    Admin    admin123    My Info
    ~~~~~~~~~~~~~~~~~~~~~~~~~~~~~~~~~~~~~~~~~~~~~~~~~~~~~~~~~~~~~~~~~~~~~~~~~~
    File  D:\Mine\Company\Ericsson3\orange_hrm_framework\sample_suite\verify_validcredential_csv_suite.robot:19
      Input Text    id=txtUsername    ${username}
      |  ${username} = Admin (str)
______________________________________________________________________________
| FAIL |
WebDriverException: Message: TypeError: browsingContext.currentWindowGlobal is null
Stacktrace:
getMarionetteCommandsActorProxy/get/<@chrome://remote/content/marionette/actors/MarionetteCommandsParent.jsm:332:29
------------------------------------------------------------------------------
Verify Valid Credential_TC2                                             
  Traceback (most recent call last):
    ~~~~~~~~~~~~~~~~~~~~~~~~~~~~~~~~~~~~~~~~~~~~~~~~~~~~~~~~~~~~~~~~~~~~~~~~~~
    File  D:\Mine\Company\Ericsson3\orange_hrm_framework\sample_suite\verify_validcredential_csv_suite.robot:13
    T:  Verify Valid Credential_TC2    
    ~~~~~~~~~~~~~~~~~~~~~~~~~~~~~~~~~~~~~~~~~~~~~~~~~~~~~~~~~~~~~~~~~~~~~~~~~~
    File  D:\Mine\Company\Ericsson3\orange_hrm_framework\sample_suite\verify_validcredential_csv_suite.robot:7
      Launch Browser    
    ~~~~~~~~~~~~~~~~~~~~~~~~~~~~~~~~~~~~~~~~~~~~~~~~~~~~~~~~~~~~~~~~~~~~~~~~~~
    File  D:\Mine\Company\Ericsson3\orange_hrm_framework\Resource\Base\CommonFunctionalities.resource:14
      '${BROWSER_NAME}' == 'ff'    
    ~~~~~~~~~~~~~~~~~~~~~~~~~~~~~~~~~~~~~~~~~~~~~~~~~~~~~~~~~~~~~~~~~~~~~~~~~~
    File  D:\Mine\Company\Ericsson3\orange_hrm_framework\Resource\Base\CommonFunctionalities.resource:15
      Open Browser    browser=${BROWSER_NAME}    executable_path=${EXECDIR}${/}driver${/}geckodriver.exe
      |  browser=${BROWSER_NAME} = browser=ff (str)
      |  executable_path=${EXECDIR}${/}driver${/}geckodriver.exe = executable_path=D:\Mine\Company\Ericsson3\orange_hrm_framework\driver\geckodriver.exe (str)
______________________________________________________________________________
| FAIL |
Setup failed:
Execution terminated by signal
------------------------------------------------------------------------------
Suites.Verify Validcredential Csv Suite :: Connecting CSV file        | FAIL |
2 tests, 0 passed, 2 failed
==============================================================================
Suites                                                                | FAIL |
2 tests, 0 passed, 2 failed
==============================================================================
Output:  D:\Mine\Company\Ericsson3\orange_hrm_framework\pabot_results\3\output.xml
